<?xml version="1.0" encoding="UTF-8"?>
<testsuite name="marvel.junitTests.MarvelSmallTests" tests="1" skipped="0" failures="0" errors="0" timestamp="2021-05-21T03:50:54" hostname="C-RUSHING" time="0.008">
  <properties/>
  <testcase name="testGraph" classname="marvel.junitTests.MarvelSmallTests" time="0.008"/>
  <system-out><![CDATA[]]></system-out>
  <system-err><![CDATA[]]></system-err>
</testsuite>
