<?xml version="1.0" encoding="UTF-8"?>
<testsuite name="graph.scriptTestRunner.ScriptFileTests" tests="5" skipped="0" failures="0" errors="0" timestamp="2021-05-21T23:32:09" hostname="C-RUSHING" time="0.037">
  <properties/>
  <testcase name="checkOutput[cycleTest]" classname="graph.scriptTestRunner.ScriptFileTests" time="0.022"/>
  <testcase name="checkOutput[exampleTest1]" classname="graph.scriptTestRunner.ScriptFileTests" time="0.004"/>
  <testcase name="checkOutput[exampleTest2]" classname="graph.scriptTestRunner.ScriptFileTests" time="0.003"/>
  <testcase name="checkOutput[insertTest]" classname="graph.scriptTestRunner.ScriptFileTests" time="0.003"/>
  <testcase name="checkOutput[selfEdgeTest]" classname="graph.scriptTestRunner.ScriptFileTests" time="0.003"/>
  <system-out><![CDATA[]]></system-out>
  <system-err><![CDATA[]]></system-err>
</testsuite>
