<?xml version="1.0" encoding="UTF-8"?>
<testsuite name="graph.junitTests.GraphADTSmallTest" tests="8" skipped="0" failures="0" errors="0" timestamp="2021-05-21T23:32:09" hostname="C-RUSHING" time="0.012">
  <properties/>
  <testcase name="testNotEqual" classname="graph.junitTests.GraphADTSmallTest" time="0.007"/>
  <testcase name="testGet" classname="graph.junitTests.GraphADTSmallTest" time="0.0"/>
  <testcase name="testIndex" classname="graph.junitTests.GraphADTSmallTest" time="0.001"/>
  <testcase name="testSize" classname="graph.junitTests.GraphADTSmallTest" time="0.001"/>
  <testcase name="testRemoveEquals" classname="graph.junitTests.GraphADTSmallTest" time="0.0"/>
  <testcase name="testContains" classname="graph.junitTests.GraphADTSmallTest" time="0.001"/>
  <testcase name="testAddEquals" classname="graph.junitTests.GraphADTSmallTest" time="0.001"/>
  <testcase name="testEquals" classname="graph.junitTests.GraphADTSmallTest" time="0.001"/>
  <system-out><![CDATA[]]></system-out>
  <system-err><![CDATA[]]></system-err>
</testsuite>
